0 info it worked if it ends with ok
1 verbose cli [ '/Users/florit/.nvm/versions/node/v7.2.0/bin/node',
1 verbose cli   '/Users/florit/.nvm/versions/node/v7.2.0/bin/npm',
1 verbose cli   'link' ]
2 info using npm@3.10.9
3 info using node@v7.2.0
4 verbose linkPkg /Users/florit/Documents/dev/gpreview
5 silly gentlyRm /Users/florit/.nvm/versions/node/v7.2.0/lib/node_modules/gpreview is being purged
6 verbose gentlyRm don't care about contents; nuking /Users/florit/.nvm/versions/node/v7.2.0/lib/node_modules/gpreview
7 silly vacuum-fs purging /Users/florit/.nvm/versions/node/v7.2.0/lib/node_modules/gpreview
8 silly vacuum-fs quitting because other entries in /Users/florit/.nvm/versions/node/v7.2.0/lib/node_modules
9 verbose link build target /Users/florit/.nvm/versions/node/v7.2.0/lib/node_modules/gpreview
10 silly loadCurrentTree Starting
11 silly install loadCurrentTree
12 silly install readLocalPackageData
13 silly install normalizeTree
14 silly loadCurrentTree Finishing
15 silly loadIdealTree Starting
16 silly install loadIdealTree
17 silly cloneCurrentTree Starting
18 silly install cloneCurrentTreeToIdealTree
19 silly cloneCurrentTree Finishing
20 silly loadShrinkwrap Starting
21 silly install loadShrinkwrap
22 silly loadShrinkwrap Finishing
23 silly loadAllDepsIntoIdealTree Starting
24 silly install loadAllDepsIntoIdealTree
25 silly loadAllDepsIntoIdealTree Finishing
26 silly loadIdealTree Finishing
27 silly currentTree gpreview@0.0.1
27 silly currentTree ├── abbrev@1.0.9
27 silly currentTree ├── accepts@1.3.3
27 silly currentTree ├── after@0.8.1
27 silly currentTree ├── ansi-regex@2.0.0
27 silly currentTree ├── ansi-styles@2.2.1
27 silly currentTree ├── anymatch@1.3.0
27 silly currentTree ├── aproba@1.0.4
27 silly currentTree ├── archy@1.0.0
27 silly currentTree ├── are-we-there-yet@1.1.2
27 silly currentTree ├── arr-diff@2.0.0
27 silly currentTree ├── arr-flatten@1.0.1
27 silly currentTree ├── array-differ@1.0.0
27 silly currentTree ├── array-find-index@1.0.2
27 silly currentTree ├── array-union@1.0.2
27 silly currentTree ├── array-uniq@1.0.3
27 silly currentTree ├── array-unique@0.2.1
27 silly currentTree ├── arraybuffer.slice@0.0.6
27 silly currentTree ├── arrify@1.0.1
27 silly currentTree ├── asn1@0.1.11
27 silly currentTree ├── assert-plus@0.1.5
27 silly currentTree ├── async-each-series@0.1.1
27 silly currentTree ├── async-each@1.0.1
27 silly currentTree ├── async@1.5.2
27 silly currentTree ├── asynckit@0.4.0
27 silly currentTree ├── aws-sign2@0.6.0
27 silly currentTree ├── aws4@1.5.0
27 silly currentTree ├── babel-code-frame@6.22.0
27 silly currentTree ├── babel-core@6.22.1
27 silly currentTree ├── babel-generator@6.22.0
27 silly currentTree ├── babel-helpers@6.22.0
27 silly currentTree ├── babel-messages@6.22.0
27 silly currentTree ├── babel-register@6.22.0
27 silly currentTree ├── babel-runtime@6.22.0
27 silly currentTree ├── babel-template@6.22.0
27 silly currentTree ├── babel-traverse@6.22.1
27 silly currentTree ├── babel-types@6.22.0
27 silly currentTree ├── babylon@6.15.0
27 silly currentTree ├── backo2@1.0.2
27 silly currentTree ├── balanced-match@0.4.2
27 silly currentTree ├── base64-arraybuffer@0.1.5
27 silly currentTree ├── base64id@0.1.0
27 silly currentTree ├── batch@0.5.3
27 silly currentTree ├── bcrypt-pbkdf@1.0.0
27 silly currentTree ├── beeper@1.1.1
27 silly currentTree ├── benchmark@1.0.0
27 silly currentTree ├── better-assert@1.0.2
27 silly currentTree ├── binary-extensions@1.8.0
27 silly currentTree ├── binaryextensions@1.0.1
27 silly currentTree ├─┬ bl@1.0.3
27 silly currentTree │ └── readable-stream@2.0.6
27 silly currentTree ├── blob@0.0.4
27 silly currentTree ├── block-stream@0.0.9
27 silly currentTree ├── boom@2.10.1
27 silly currentTree ├── brace-expansion@1.1.6
27 silly currentTree ├── braces@1.8.5
27 silly currentTree ├── browser-sync-client@2.4.3
27 silly currentTree ├── browser-sync-ui@0.6.1
27 silly currentTree ├─┬ browser-sync@2.18.2
27 silly currentTree │ ├── fs-extra@0.30.0
27 silly currentTree │ └── yargs@6.0.0
27 silly currentTree ├── bs-recipes@1.3.2
27 silly currentTree ├── buffer-shims@1.0.0
27 silly currentTree ├── builtin-modules@1.1.1
27 silly currentTree ├── callsite@1.0.0
27 silly currentTree ├─┬ camelcase-keys@2.1.0
27 silly currentTree │ └── camelcase@2.1.1
27 silly currentTree ├── camelcase@3.0.0
27 silly currentTree ├── caseless@0.11.0
27 silly currentTree ├── chalk@1.1.3
27 silly currentTree ├── chokidar@1.6.0
27 silly currentTree ├── cliui@3.2.0
27 silly currentTree ├── clone-stats@0.0.1
27 silly currentTree ├── clone@0.2.0
27 silly currentTree ├── code-point-at@1.1.0
27 silly currentTree ├── combined-stream@1.0.5
27 silly currentTree ├── commander@2.9.0
27 silly currentTree ├── component-bind@1.0.0
27 silly currentTree ├── component-emitter@1.1.2
27 silly currentTree ├── component-inherit@0.0.3
27 silly currentTree ├── concat-map@0.0.1
27 silly currentTree ├── connect-history-api-fallback@1.3.0
27 silly currentTree ├── connect@3.5.0
27 silly currentTree ├── console-control-strings@1.1.0
27 silly currentTree ├── convert-source-map@1.3.0
27 silly currentTree ├── core-js@2.4.1
27 silly currentTree ├── core-util-is@1.0.2
27 silly currentTree ├── cryptiles@2.0.5
27 silly currentTree ├── ctype@0.5.3
27 silly currentTree ├── currently-unhandled@0.4.1
27 silly currentTree ├─┬ dashdash@1.14.1
27 silly currentTree │ └── assert-plus@1.0.0
27 silly currentTree ├── dateformat@1.0.12
27 silly currentTree ├── debug@2.2.0
27 silly currentTree ├── decamelize@1.2.0
27 silly currentTree ├── deep-extend@0.4.1
27 silly currentTree ├─┬ defaults@1.0.3
27 silly currentTree │ └── clone@1.0.2
27 silly currentTree ├── delayed-stream@1.0.0
27 silly currentTree ├── delegates@1.0.0
27 silly currentTree ├── depd@1.1.0
27 silly currentTree ├── deprecated@0.0.1
27 silly currentTree ├── destroy@1.0.4
27 silly currentTree ├── detect-file@0.1.0
27 silly currentTree ├── detect-indent@4.0.0
27 silly currentTree ├── dev-ip@1.0.1
27 silly currentTree ├─┬ duplexer2@0.0.2
27 silly currentTree │ ├── isarray@0.0.1
27 silly currentTree │ └── readable-stream@1.1.14
27 silly currentTree ├─┬ easy-extender@2.3.2
27 silly currentTree │ └── lodash@3.10.1
27 silly currentTree ├── eazy-logger@3.0.2
27 silly currentTree ├── ecc-jsbn@0.1.1
27 silly currentTree ├── ee-first@1.1.1
27 silly currentTree ├── emitter-steward@1.0.0
27 silly currentTree ├── encodeurl@1.0.1
27 silly currentTree ├── end-of-stream@0.1.5
27 silly currentTree ├── engine.io-client@1.7.0
27 silly currentTree ├─┬ engine.io-parser@1.3.0
27 silly currentTree │ ├── has-binary@0.1.6
27 silly currentTree │ └── isarray@0.0.1
27 silly currentTree ├── engine.io@1.7.0
27 silly currentTree ├── error-ex@1.3.0
27 silly currentTree ├── escape-html@1.0.3
27 silly currentTree ├── escape-string-regexp@1.0.5
27 silly currentTree ├── esutils@2.0.2
27 silly currentTree ├── etag@1.7.0
27 silly currentTree ├── eventemitter3@1.2.0
27 silly currentTree ├── expand-brackets@0.1.5
27 silly currentTree ├── expand-range@1.8.2
27 silly currentTree ├── expand-tilde@1.2.2
27 silly currentTree ├─┬ express@2.5.11
27 silly currentTree │ ├─┬ connect@1.9.2
27 silly currentTree │ │ ├── mime@1.3.4
27 silly currentTree │ │ └── qs@6.2.1
27 silly currentTree │ ├── mime@1.2.4
27 silly currentTree │ ├── mkdirp@0.3.0
27 silly currentTree │ └── qs@0.4.2
27 silly currentTree ├── extend@3.0.0
27 silly currentTree ├── extglob@0.3.2
27 silly currentTree ├── extsprintf@1.0.2
27 silly currentTree ├── fancy-log@1.2.0
27 silly currentTree ├── filename-regex@2.0.0
27 silly currentTree ├── fill-range@2.2.3
27 silly currentTree ├── finalhandler@0.5.0
27 silly currentTree ├── find-index@0.1.1
27 silly currentTree ├── find-up@1.1.2
27 silly currentTree ├── findup-sync@0.4.3
27 silly currentTree ├── fined@1.0.2
27 silly currentTree ├── first-chunk-stream@1.0.0
27 silly currentTree ├── flagged-respawn@0.3.2
27 silly currentTree ├── for-in@0.1.6
27 silly currentTree ├── for-own@0.1.4
27 silly currentTree ├── forever-agent@0.6.1
27 silly currentTree ├─┬ form-data@1.0.1
27 silly currentTree │ └── async@2.1.4
27 silly currentTree ├── formidable@1.0.17
27 silly currentTree ├── fresh@0.3.0
27 silly currentTree ├── fs-exists-sync@0.1.0
27 silly currentTree ├── fs-extra@1.0.0
27 silly currentTree ├── fs.realpath@1.0.0
27 silly currentTree ├─┬ fsevents@1.0.15
27 silly currentTree │ ├── abbrev@1.0.9
27 silly currentTree │ ├── ansi-regex@2.0.0
27 silly currentTree │ ├── ansi-styles@2.2.1
27 silly currentTree │ ├── aproba@1.0.4
27 silly currentTree │ ├── are-we-there-yet@1.1.2
27 silly currentTree │ ├── asn1@0.2.3
27 silly currentTree │ ├── assert-plus@0.2.0
27 silly currentTree │ ├── async@1.5.2
27 silly currentTree │ ├── aws-sign2@0.6.0
27 silly currentTree │ ├── aws4@1.4.1
27 silly currentTree │ ├── balanced-match@0.4.2
27 silly currentTree │ ├─┬ bl@1.1.2
27 silly currentTree │ │ └── readable-stream@2.0.6
27 silly currentTree │ ├── block-stream@0.0.9
27 silly currentTree │ ├── boom@2.10.1
27 silly currentTree │ ├── brace-expansion@1.1.5
27 silly currentTree │ ├── buffer-shims@1.0.0
27 silly currentTree │ ├── caseless@0.11.0
27 silly currentTree │ ├── chalk@1.1.3
27 silly currentTree │ ├── code-point-at@1.0.0
27 silly currentTree │ ├── combined-stream@1.0.5
27 silly currentTree │ ├── commander@2.9.0
27 silly currentTree │ ├── concat-map@0.0.1
27 silly currentTree │ ├── console-control-strings@1.1.0
27 silly currentTree │ ├── core-util-is@1.0.2
27 silly currentTree │ ├── cryptiles@2.0.5
27 silly currentTree │ ├─┬ dashdash@1.14.0
27 silly currentTree │ │ └── assert-plus@1.0.0
27 silly currentTree │ ├── debug@2.2.0
27 silly currentTree │ ├── deep-extend@0.4.1
27 silly currentTree │ ├── delayed-stream@1.0.0
27 silly currentTree │ ├── delegates@1.0.0
27 silly currentTree │ ├── ecc-jsbn@0.1.1
27 silly currentTree │ ├── escape-string-regexp@1.0.5
27 silly currentTree │ ├── extend@3.0.0
27 silly currentTree │ ├── extsprintf@1.0.2
27 silly currentTree │ ├── forever-agent@0.6.1
27 silly currentTree │ ├── form-data@1.0.0-rc4
27 silly currentTree │ ├── fs.realpath@1.0.0
27 silly currentTree │ ├── fstream-ignore@1.0.5
27 silly currentTree │ ├── fstream@1.0.10
27 silly currentTree │ ├── gauge@2.6.0
27 silly currentTree │ ├── generate-function@2.0.0
27 silly currentTree │ ├── generate-object-property@1.2.0
27 silly currentTree │ ├─┬ getpass@0.1.6
27 silly currentTree │ │ └── assert-plus@1.0.0
27 silly currentTree │ ├── glob@7.0.5
27 silly currentTree │ ├── graceful-fs@4.1.4
27 silly currentTree │ ├── graceful-readlink@1.0.1
27 silly currentTree │ ├── har-validator@2.0.6
27 silly currentTree │ ├── has-ansi@2.0.0
27 silly currentTree │ ├── has-color@0.1.7
27 silly currentTree │ ├── has-unicode@2.0.1
27 silly currentTree │ ├── hawk@3.1.3
27 silly currentTree │ ├── hoek@2.16.3
27 silly currentTree │ ├── http-signature@1.1.1
27 silly currentTree │ ├── inflight@1.0.5
27 silly currentTree │ ├── inherits@2.0.1
27 silly currentTree │ ├── ini@1.3.4
27 silly currentTree │ ├── is-fullwidth-code-point@1.0.0
27 silly currentTree │ ├── is-my-json-valid@2.13.1
27 silly currentTree │ ├── is-property@1.0.2
27 silly currentTree │ ├── is-typedarray@1.0.0
27 silly currentTree │ ├── isarray@1.0.0
27 silly currentTree │ ├── isstream@0.1.2
27 silly currentTree │ ├── jodid25519@1.0.2
27 silly currentTree │ ├── jsbn@0.1.0
27 silly currentTree │ ├── json-schema@0.2.2
27 silly currentTree │ ├── json-stringify-safe@5.0.1
27 silly currentTree │ ├── jsonpointer@2.0.0
27 silly currentTree │ ├── jsprim@1.3.0
27 silly currentTree │ ├── mime-db@1.23.0
27 silly currentTree │ ├── mime-types@2.1.11
27 silly currentTree │ ├── minimatch@3.0.2
27 silly currentTree │ ├── minimist@0.0.8
27 silly currentTree │ ├── mkdirp@0.5.1
27 silly currentTree │ ├── ms@0.7.1
27 silly currentTree │ ├── node-pre-gyp@0.6.29
27 silly currentTree │ ├── node-uuid@1.4.7
27 silly currentTree │ ├── nopt@3.0.6
27 silly currentTree │ ├── npmlog@3.1.2
27 silly currentTree │ ├── number-is-nan@1.0.0
27 silly currentTree │ ├── oauth-sign@0.8.2
27 silly currentTree │ ├── object-assign@4.1.0
27 silly currentTree │ ├── once@1.3.3
27 silly currentTree │ ├── path-is-absolute@1.0.0
27 silly currentTree │ ├── pinkie-promise@2.0.1
27 silly currentTree │ ├── pinkie@2.0.4
27 silly currentTree │ ├── process-nextick-args@1.0.7
27 silly currentTree │ ├── qs@6.2.0
27 silly currentTree │ ├─┬ rc@1.1.6
27 silly currentTree │ │ └── minimist@1.2.0
27 silly currentTree │ ├── readable-stream@2.1.4
27 silly currentTree │ ├── request@2.73.0
27 silly currentTree │ ├── rimraf@2.5.3
27 silly currentTree │ ├── semver@5.2.0
27 silly currentTree │ ├── set-blocking@2.0.0
27 silly currentTree │ ├── signal-exit@3.0.0
27 silly currentTree │ ├── sntp@1.0.9
27 silly currentTree │ ├─┬ sshpk@1.8.3
27 silly currentTree │ │ └── assert-plus@1.0.0
27 silly currentTree │ ├── string_decoder@0.10.31
27 silly currentTree │ ├── string-width@1.0.1
27 silly currentTree │ ├── stringstream@0.0.5
27 silly currentTree │ ├── strip-ansi@3.0.1
27 silly currentTree │ ├── strip-json-comments@1.0.4
27 silly currentTree │ ├── supports-color@2.0.0
27 silly currentTree │ ├── tar-pack@3.1.4
27 silly currentTree │ ├── tar@2.2.1
27 silly currentTree │ ├── tough-cookie@2.2.2
27 silly currentTree │ ├── tunnel-agent@0.4.3
27 silly currentTree │ ├── tweetnacl@0.13.3
27 silly currentTree │ ├── uid-number@0.0.6
27 silly currentTree │ ├── util-deprecate@1.0.2
27 silly currentTree │ ├── verror@1.3.6
27 silly currentTree │ ├── wide-align@1.1.0
27 silly currentTree │ ├── wrappy@1.0.2
27 silly currentTree │ └── xtend@4.0.1
27 silly currentTree ├── fstream-ignore@1.0.5
27 silly currentTree ├── fstream@1.0.10
27 silly currentTree ├─┬ gauge@2.7.2
27 silly currentTree │ └── supports-color@0.2.0
27 silly currentTree ├── gaze@0.5.2
27 silly currentTree ├── generate-function@2.0.0
27 silly currentTree ├── generate-object-property@1.2.0
27 silly currentTree ├── get-caller-file@1.0.2
27 silly currentTree ├── get-stdin@4.0.1
27 silly currentTree ├─┬ getpass@0.1.6
27 silly currentTree │ └── assert-plus@1.0.0
27 silly currentTree ├── glob-base@0.3.0
27 silly currentTree ├── glob-parent@2.0.0
27 silly currentTree ├─┬ glob-stream@3.1.18
27 silly currentTree │ ├── glob@4.5.3
27 silly currentTree │ └── minimatch@2.0.10
27 silly currentTree ├── glob-watcher@0.0.6
27 silly currentTree ├── glob@7.1.1
27 silly currentTree ├── glob2base@0.0.12
27 silly currentTree ├── global-modules@0.2.3
27 silly currentTree ├── global-prefix@0.1.5
27 silly currentTree ├── globals@9.14.0
27 silly currentTree ├── globby@6.1.0
27 silly currentTree ├─┬ globule@0.1.0
27 silly currentTree │ ├── glob@3.1.21
27 silly currentTree │ ├── graceful-fs@1.2.3
27 silly currentTree │ ├── inherits@1.0.2
27 silly currentTree │ ├── lodash@1.0.2
27 silly currentTree │ └── minimatch@0.2.14
27 silly currentTree ├── glogg@1.0.0
27 silly currentTree ├── graceful-fs@4.1.11
27 silly currentTree ├── graceful-readlink@1.0.1
27 silly currentTree ├── gulp-replace@0.5.4
27 silly currentTree ├─┬ gulp-util@3.0.7
27 silly currentTree │ ├── clone@1.0.2
27 silly currentTree │ ├── object-assign@3.0.0
27 silly currentTree │ ├── through2@2.0.3
27 silly currentTree │ └── vinyl@0.5.3
27 silly currentTree ├── gulp@3.9.1
27 silly currentTree ├── gulplog@1.0.0
27 silly currentTree ├── har-validator@2.0.6
27 silly currentTree ├── has-ansi@2.0.0
27 silly currentTree ├─┬ has-binary@0.1.7
27 silly currentTree │ └── isarray@0.0.1
27 silly currentTree ├── has-cors@1.1.0
27 silly currentTree ├── has-gulplog@0.1.0
27 silly currentTree ├── has-unicode@2.0.1
27 silly currentTree ├── hawk@3.1.3
27 silly currentTree ├── hoek@2.16.3
27 silly currentTree ├── home-or-tmp@2.0.0
27 silly currentTree ├── homedir-polyfill@1.0.1
27 silly currentTree ├── hosted-git-info@2.1.5
27 silly currentTree ├── http-errors@1.5.1
27 silly currentTree ├── http-proxy@1.15.1
27 silly currentTree ├── http-signature@0.11.0
27 silly currentTree ├── immutable@3.8.1
27 silly currentTree ├── indent-string@2.1.0
27 silly currentTree ├── indexof@0.0.1
27 silly currentTree ├── inflight@1.0.6
27 silly currentTree ├── inherits@2.0.3
27 silly currentTree ├── ini@1.3.4
27 silly currentTree ├── interpret@1.0.1
27 silly currentTree ├── invariant@2.2.2
27 silly currentTree ├── invert-kv@1.0.0
27 silly currentTree ├── is-absolute@0.2.6
27 silly currentTree ├── is-arrayish@0.2.1
27 silly currentTree ├── is-binary-path@1.0.1
27 silly currentTree ├── is-buffer@1.1.4
27 silly currentTree ├── is-builtin-module@1.0.0
27 silly currentTree ├── is-dotfile@1.0.2
27 silly currentTree ├── is-equal-shallow@0.1.3
27 silly currentTree ├── is-extendable@0.1.1
27 silly currentTree ├── is-extglob@1.0.0
27 silly currentTree ├── is-finite@1.0.2
27 silly currentTree ├── is-fullwidth-code-point@1.0.0
27 silly currentTree ├── is-glob@2.0.1
27 silly currentTree ├── is-my-json-valid@2.15.0
27 silly currentTree ├── is-number@2.1.0
27 silly currentTree ├── is-posix-bracket@0.1.1
27 silly currentTree ├── is-primitive@2.0.0
27 silly currentTree ├── is-property@1.0.2
27 silly currentTree ├── is-relative@0.2.1
27 silly currentTree ├── is-typedarray@1.0.0
27 silly currentTree ├── is-unc-path@0.1.1
27 silly currentTree ├── is-utf8@0.2.1
27 silly currentTree ├── is-windows@0.2.0
27 silly currentTree ├── isarray@1.0.0
27 silly currentTree ├── isexe@1.1.2
27 silly currentTree ├── isobject@2.1.0
27 silly currentTree ├── isstream@0.1.2
27 silly currentTree ├── istextorbinary@1.0.2
27 silly currentTree ├── jodid25519@1.0.2
27 silly currentTree ├── js-tokens@3.0.1
27 silly currentTree ├── jsbn@0.1.0
27 silly currentTree ├── jsesc@1.3.0
27 silly currentTree ├── json-schema@0.2.3
27 silly currentTree ├── json-stringify-safe@5.0.1
27 silly currentTree ├── json3@3.3.2
27 silly currentTree ├── json5@0.5.1
27 silly currentTree ├── jsonfile@2.4.0
27 silly currentTree ├── jsonpointer@4.0.0
27 silly currentTree ├── jsprim@1.3.1
27 silly currentTree ├── kind-of@3.0.4
27 silly currentTree ├── klaw@1.3.1
27 silly currentTree ├── lcid@1.0.0
27 silly currentTree ├── liftoff@2.3.0
27 silly currentTree ├── limiter@1.1.0
27 silly currentTree ├─┬ load-json-file@1.1.0
27 silly currentTree │ └── strip-bom@2.0.0
27 silly currentTree ├─┬ localtunnel@1.8.1
27 silly currentTree │ ├── camelcase@1.2.1
27 silly currentTree │ ├── window-size@0.1.4
27 silly currentTree │ └── yargs@3.29.0
27 silly currentTree ├── lodash._basecopy@3.0.1
27 silly currentTree ├── lodash._basetostring@3.0.1
27 silly currentTree ├── lodash._basevalues@3.0.0
27 silly currentTree ├── lodash._getnative@3.9.1
27 silly currentTree ├── lodash._isiterateecall@3.0.9
27 silly currentTree ├── lodash._reescape@3.0.0
27 silly currentTree ├── lodash._reevaluate@3.0.0
27 silly currentTree ├── lodash._reinterpolate@3.0.0
27 silly currentTree ├── lodash._root@3.0.1
27 silly currentTree ├── lodash.assignwith@4.2.0
27 silly currentTree ├── lodash.escape@3.2.0
27 silly currentTree ├── lodash.isarguments@3.1.0
27 silly currentTree ├── lodash.isarray@3.0.4
27 silly currentTree ├── lodash.isempty@4.4.0
27 silly currentTree ├── lodash.isplainobject@4.0.6
27 silly currentTree ├── lodash.isstring@4.0.1
27 silly currentTree ├── lodash.keys@3.1.2
27 silly currentTree ├── lodash.mapvalues@4.6.0
27 silly currentTree ├── lodash.pick@4.4.0
27 silly currentTree ├── lodash.restparam@3.6.1
27 silly currentTree ├── lodash.template@3.6.2
27 silly currentTree ├── lodash.templatesettings@3.1.1
27 silly currentTree ├── lodash@4.17.2
27 silly currentTree ├── loose-envify@1.3.1
27 silly currentTree ├── loud-rejection@1.6.0
27 silly currentTree ├── lru-cache@2.7.3
27 silly currentTree ├── map-cache@0.2.2
27 silly currentTree ├── map-obj@1.0.1
27 silly currentTree ├── meow@3.7.0
27 silly currentTree ├── micromatch@2.3.11
27 silly currentTree ├── mime-db@1.25.0
27 silly currentTree ├── mime-types@2.1.13
27 silly currentTree ├── mime@1.3.4
27 silly currentTree ├── minimatch@3.0.3
27 silly currentTree ├── minimist@1.2.0
27 silly currentTree ├─┬ mkdirp@0.5.1
27 silly currentTree │ └── minimist@0.0.8
27 silly currentTree ├── ms@0.7.1
27 silly currentTree ├── multipipe@0.1.2
27 silly currentTree ├── nan@2.4.0
27 silly currentTree ├── natives@1.1.0
27 silly currentTree ├── negotiator@0.6.1
27 silly currentTree ├─┬ node-pre-gyp@0.6.32
27 silly currentTree │ ├── assert-plus@0.2.0
27 silly currentTree │ ├── form-data@2.1.2
27 silly currentTree │ ├── http-signature@1.1.1
27 silly currentTree │ ├── punycode@1.4.1
27 silly currentTree │ ├── qs@6.3.0
27 silly currentTree │ ├── request@2.79.0
27 silly currentTree │ ├── semver@5.3.0
27 silly currentTree │ └── tough-cookie@2.3.2
27 silly currentTree ├── node-uuid@1.4.7
27 silly currentTree ├── nopt@3.0.6
27 silly currentTree ├─┬ normalize-package-data@2.3.5
27 silly currentTree │ └── semver@5.3.0
27 silly currentTree ├── normalize-path@2.0.1
27 silly currentTree ├── npmlog@4.0.1
27 silly currentTree ├── number-is-nan@1.0.1
27 silly currentTree ├── oauth-sign@0.8.2
27 silly currentTree ├── object-assign@4.1.0
27 silly currentTree ├── object-component@0.0.3
27 silly currentTree ├── object-path@0.9.2
27 silly currentTree ├── object.omit@2.0.1
27 silly currentTree ├── on-finished@2.3.0
27 silly currentTree ├── once@1.3.3
27 silly currentTree ├── openurl@1.1.0
27 silly currentTree ├── opn@4.0.2
27 silly currentTree ├── options@0.0.6
27 silly currentTree ├── orchestrator@0.3.8
27 silly currentTree ├── ordered-read-streams@0.1.0
27 silly currentTree ├── os-homedir@1.0.2
27 silly currentTree ├── os-locale@1.4.0
27 silly currentTree ├── os-tmpdir@1.0.2
27 silly currentTree ├── parse-filepath@1.0.1
27 silly currentTree ├── parse-glob@3.0.4
27 silly currentTree ├── parse-json@2.2.0
27 silly currentTree ├── parse-passwd@1.0.0
27 silly currentTree ├── parsejson@0.0.1
27 silly currentTree ├── parseqs@0.0.2
27 silly currentTree ├── parseuri@0.0.4
27 silly currentTree ├── parseurl@1.3.1
27 silly currentTree ├── path-exists@2.1.0
27 silly currentTree ├── path-is-absolute@1.0.1
27 silly currentTree ├── path-root-regex@0.1.2
27 silly currentTree ├── path-root@0.1.1
27 silly currentTree ├── path-type@1.1.0
27 silly currentTree ├── pify@2.3.0
27 silly currentTree ├── pinkie-promise@2.0.1
27 silly currentTree ├── pinkie@2.0.4
27 silly currentTree ├── portscanner@1.2.0
27 silly currentTree ├── preserve@0.2.0
27 silly currentTree ├── pretty-hrtime@1.0.3
27 silly currentTree ├── private@0.1.6
27 silly currentTree ├── process-nextick-args@1.0.7
27 silly currentTree ├── proxy-middleware@0.15.0
27 silly currentTree ├── punycode@1.3.2
27 silly currentTree ├── qs@6.2.1
27 silly currentTree ├── querystring@0.2.0
27 silly currentTree ├── randomatic@1.1.6
27 silly currentTree ├── range-parser@1.2.0
27 silly currentTree ├── rc@1.1.6
27 silly currentTree ├── read-pkg-up@1.0.1
27 silly currentTree ├── read-pkg@1.1.0
27 silly currentTree ├── readable-stream@2.2.2
27 silly currentTree ├── readdirp@2.1.0
27 silly currentTree ├── rechoir@0.6.2
27 silly currentTree ├── redent@1.0.0
27 silly currentTree ├── regenerator-runtime@0.10.1
27 silly currentTree ├── regex-cache@0.4.3
27 silly currentTree ├── repeat-element@1.1.2
27 silly currentTree ├── repeat-string@1.6.1
27 silly currentTree ├── repeating@2.0.1
27 silly currentTree ├── replace-ext@0.0.1
27 silly currentTree ├── replacestream@4.0.2
27 silly currentTree ├─┬ request@2.65.0
27 silly currentTree │ └── qs@5.2.1
27 silly currentTree ├── require-directory@2.1.1
27 silly currentTree ├── require-main-filename@1.0.1
27 silly currentTree ├── requires-port@1.0.0
27 silly currentTree ├── resolve-dir@0.1.1
27 silly currentTree ├── resolve@1.1.7
27 silly currentTree ├── resp-modifier@6.0.2
27 silly currentTree ├── rimraf@2.5.4
27 silly currentTree ├── run-sequence@1.2.2
27 silly currentTree ├── rx@4.1.0
27 silly currentTree ├── semver@4.3.6
27 silly currentTree ├── send@0.14.1
27 silly currentTree ├── sequencify@0.0.7
27 silly currentTree ├── serve-index@1.8.0
27 silly currentTree ├── serve-static@1.11.1
27 silly currentTree ├── server-destroy@1.0.1
27 silly currentTree ├── set-blocking@2.0.0
27 silly currentTree ├── set-immediate-shim@1.0.1
27 silly currentTree ├── setprototypeof@1.0.2
27 silly currentTree ├── shelljs@0.7.5
27 silly currentTree ├── sigmund@1.0.1
27 silly currentTree ├── signal-exit@3.0.2
27 silly currentTree ├── slash@1.0.0
27 silly currentTree ├── sntp@1.0.9
27 silly currentTree ├─┬ socket.io-adapter@0.4.0
27 silly currentTree │ ├── isarray@0.0.1
27 silly currentTree │ ├── json3@3.2.6
27 silly currentTree │ └─┬ socket.io-parser@2.2.2
27 silly currentTree │   └── debug@0.7.4
27 silly currentTree ├─┬ socket.io-client@1.5.0
27 silly currentTree │ └── component-emitter@1.2.0
27 silly currentTree ├─┬ socket.io-parser@2.2.6
27 silly currentTree │ └── isarray@0.0.1
27 silly currentTree ├── socket.io@1.5.0
27 silly currentTree ├── source-map-support@0.4.11
27 silly currentTree ├── source-map@0.5.6
27 silly currentTree ├── sparkles@1.0.0
27 silly currentTree ├── spdx-correct@1.0.2
27 silly currentTree ├── spdx-expression-parse@1.0.4
27 silly currentTree ├── spdx-license-ids@1.2.2
27 silly currentTree ├─┬ sshpk@1.10.1
27 silly currentTree │ ├── asn1@0.2.3
27 silly currentTree │ └── assert-plus@1.0.0
27 silly currentTree ├── statuses@1.3.1
27 silly currentTree ├── stream-consume@0.1.0
27 silly currentTree ├── stream-throttle@0.1.3
27 silly currentTree ├── string_decoder@0.10.31
27 silly currentTree ├── string-width@1.0.2
27 silly currentTree ├── stringstream@0.0.5
27 silly currentTree ├── strip-ansi@3.0.1
27 silly currentTree ├── strip-bom@1.0.0
27 silly currentTree ├── strip-indent@1.0.1
27 silly currentTree ├── strip-json-comments@1.0.4
27 silly currentTree ├── supports-color@2.0.0
27 silly currentTree ├─┬ tar-pack@3.3.0
27 silly currentTree │ └── readable-stream@2.1.5
27 silly currentTree ├── tar@2.2.1
27 silly currentTree ├── textextensions@1.0.2
27 silly currentTree ├── tfunk@3.0.2
27 silly currentTree ├─┬ through2@0.6.5
27 silly currentTree │ ├── isarray@0.0.1
27 silly currentTree │ └── readable-stream@1.0.34
27 silly currentTree ├── tildify@1.2.0
27 silly currentTree ├── time-stamp@1.0.1
27 silly currentTree ├── to-array@0.1.4
27 silly currentTree ├── to-fast-properties@1.0.2
27 silly currentTree ├── tough-cookie@2.2.2
27 silly currentTree ├── trim-newlines@1.0.0
27 silly currentTree ├── tunnel-agent@0.4.3
27 silly currentTree ├── tweetnacl@0.14.4
27 silly currentTree ├── ua-parser-js@0.7.10
27 silly currentTree ├── uid-number@0.0.6
27 silly currentTree ├── ultron@1.0.2
27 silly currentTree ├── unc-path-regex@0.1.2
27 silly currentTree ├── underscore@1.7.0
27 silly currentTree ├── unique-stream@1.0.0
27 silly currentTree ├── unpipe@1.0.0
27 silly currentTree ├── url@0.11.0
27 silly currentTree ├── user-home@1.1.1
27 silly currentTree ├── util-deprecate@1.0.2
27 silly currentTree ├── utils-merge@1.0.0
27 silly currentTree ├── uuid@3.0.1
27 silly currentTree ├── v8flags@2.0.11
27 silly currentTree ├── validate-npm-package-license@3.0.1
27 silly currentTree ├── verror@1.3.6
27 silly currentTree ├─┬ vinyl-fs@0.3.14
27 silly currentTree │ └── graceful-fs@3.0.11
27 silly currentTree ├── vinyl@0.4.6
27 silly currentTree ├── weinre@2.0.0-pre-I0Z7U9OV
27 silly currentTree ├── which-module@1.0.0
27 silly currentTree ├── which@1.2.12
27 silly currentTree ├── wide-align@1.1.0
27 silly currentTree ├── window-size@0.2.0
27 silly currentTree ├── wrap-ansi@2.1.0
27 silly currentTree ├── wrappy@1.0.2
27 silly currentTree ├── ws@1.1.1
27 silly currentTree ├── wtf-8@1.0.0
27 silly currentTree ├── xmlhttprequest-ssl@1.5.1
27 silly currentTree ├── xtend@4.0.1
27 silly currentTree ├── y18n@3.2.1
27 silly currentTree ├── yargs-parser@4.2.0
27 silly currentTree ├── yargs@6.5.0
27 silly currentTree └── yeast@0.1.2
28 silly idealTree gpreview@0.0.1
28 silly idealTree ├── abbrev@1.0.9
28 silly idealTree ├── accepts@1.3.3
28 silly idealTree ├── after@0.8.1
28 silly idealTree ├── ansi-regex@2.0.0
28 silly idealTree ├── ansi-styles@2.2.1
28 silly idealTree ├── anymatch@1.3.0
28 silly idealTree ├── aproba@1.0.4
28 silly idealTree ├── archy@1.0.0
28 silly idealTree ├── are-we-there-yet@1.1.2
28 silly idealTree ├── arr-diff@2.0.0
28 silly idealTree ├── arr-flatten@1.0.1
28 silly idealTree ├── array-differ@1.0.0
28 silly idealTree ├── array-find-index@1.0.2
28 silly idealTree ├── array-union@1.0.2
28 silly idealTree ├── array-uniq@1.0.3
28 silly idealTree ├── array-unique@0.2.1
28 silly idealTree ├── arraybuffer.slice@0.0.6
28 silly idealTree ├── arrify@1.0.1
28 silly idealTree ├── asn1@0.1.11
28 silly idealTree ├── assert-plus@0.1.5
28 silly idealTree ├── async-each-series@0.1.1
28 silly idealTree ├── async-each@1.0.1
28 silly idealTree ├── async@1.5.2
28 silly idealTree ├── asynckit@0.4.0
28 silly idealTree ├── aws-sign2@0.6.0
28 silly idealTree ├── aws4@1.5.0
28 silly idealTree ├── babel-code-frame@6.22.0
28 silly idealTree ├── babel-core@6.22.1
28 silly idealTree ├── babel-generator@6.22.0
28 silly idealTree ├── babel-helpers@6.22.0
28 silly idealTree ├── babel-messages@6.22.0
28 silly idealTree ├── babel-register@6.22.0
28 silly idealTree ├── babel-runtime@6.22.0
28 silly idealTree ├── babel-template@6.22.0
28 silly idealTree ├── babel-traverse@6.22.1
28 silly idealTree ├── babel-types@6.22.0
28 silly idealTree ├── babylon@6.15.0
28 silly idealTree ├── backo2@1.0.2
28 silly idealTree ├── balanced-match@0.4.2
28 silly idealTree ├── base64-arraybuffer@0.1.5
28 silly idealTree ├── base64id@0.1.0
28 silly idealTree ├── batch@0.5.3
28 silly idealTree ├── bcrypt-pbkdf@1.0.0
28 silly idealTree ├── beeper@1.1.1
28 silly idealTree ├── benchmark@1.0.0
28 silly idealTree ├── better-assert@1.0.2
28 silly idealTree ├── binary-extensions@1.8.0
28 silly idealTree ├── binaryextensions@1.0.1
28 silly idealTree ├─┬ bl@1.0.3
28 silly idealTree │ └── readable-stream@2.0.6
28 silly idealTree ├── blob@0.0.4
28 silly idealTree ├── block-stream@0.0.9
28 silly idealTree ├── boom@2.10.1
28 silly idealTree ├── brace-expansion@1.1.6
28 silly idealTree ├── braces@1.8.5
28 silly idealTree ├── browser-sync-client@2.4.3
28 silly idealTree ├── browser-sync-ui@0.6.1
28 silly idealTree ├─┬ browser-sync@2.18.2
28 silly idealTree │ ├── fs-extra@0.30.0
28 silly idealTree │ └── yargs@6.0.0
28 silly idealTree ├── bs-recipes@1.3.2
28 silly idealTree ├── buffer-shims@1.0.0
28 silly idealTree ├── builtin-modules@1.1.1
28 silly idealTree ├── callsite@1.0.0
28 silly idealTree ├─┬ camelcase-keys@2.1.0
28 silly idealTree │ └── camelcase@2.1.1
28 silly idealTree ├── camelcase@3.0.0
28 silly idealTree ├── caseless@0.11.0
28 silly idealTree ├── chalk@1.1.3
28 silly idealTree ├── chokidar@1.6.0
28 silly idealTree ├── cliui@3.2.0
28 silly idealTree ├── clone-stats@0.0.1
28 silly idealTree ├── clone@0.2.0
28 silly idealTree ├── code-point-at@1.1.0
28 silly idealTree ├── combined-stream@1.0.5
28 silly idealTree ├── commander@2.9.0
28 silly idealTree ├── component-bind@1.0.0
28 silly idealTree ├── component-emitter@1.1.2
28 silly idealTree ├── component-inherit@0.0.3
28 silly idealTree ├── concat-map@0.0.1
28 silly idealTree ├── connect-history-api-fallback@1.3.0
28 silly idealTree ├── connect@3.5.0
28 silly idealTree ├── console-control-strings@1.1.0
28 silly idealTree ├── convert-source-map@1.3.0
28 silly idealTree ├── core-js@2.4.1
28 silly idealTree ├── core-util-is@1.0.2
28 silly idealTree ├── cryptiles@2.0.5
28 silly idealTree ├── ctype@0.5.3
28 silly idealTree ├── currently-unhandled@0.4.1
28 silly idealTree ├─┬ dashdash@1.14.1
28 silly idealTree │ └── assert-plus@1.0.0
28 silly idealTree ├── dateformat@1.0.12
28 silly idealTree ├── debug@2.2.0
28 silly idealTree ├── decamelize@1.2.0
28 silly idealTree ├── deep-extend@0.4.1
28 silly idealTree ├─┬ defaults@1.0.3
28 silly idealTree │ └── clone@1.0.2
28 silly idealTree ├── delayed-stream@1.0.0
28 silly idealTree ├── delegates@1.0.0
28 silly idealTree ├── depd@1.1.0
28 silly idealTree ├── deprecated@0.0.1
28 silly idealTree ├── destroy@1.0.4
28 silly idealTree ├── detect-file@0.1.0
28 silly idealTree ├── detect-indent@4.0.0
28 silly idealTree ├── dev-ip@1.0.1
28 silly idealTree ├─┬ duplexer2@0.0.2
28 silly idealTree │ ├── isarray@0.0.1
28 silly idealTree │ └── readable-stream@1.1.14
28 silly idealTree ├─┬ easy-extender@2.3.2
28 silly idealTree │ └── lodash@3.10.1
28 silly idealTree ├── eazy-logger@3.0.2
28 silly idealTree ├── ecc-jsbn@0.1.1
28 silly idealTree ├── ee-first@1.1.1
28 silly idealTree ├── emitter-steward@1.0.0
28 silly idealTree ├── encodeurl@1.0.1
28 silly idealTree ├── end-of-stream@0.1.5
28 silly idealTree ├── engine.io-client@1.7.0
28 silly idealTree ├─┬ engine.io-parser@1.3.0
28 silly idealTree │ ├── has-binary@0.1.6
28 silly idealTree │ └── isarray@0.0.1
28 silly idealTree ├── engine.io@1.7.0
28 silly idealTree ├── error-ex@1.3.0
28 silly idealTree ├── escape-html@1.0.3
28 silly idealTree ├── escape-string-regexp@1.0.5
28 silly idealTree ├── esutils@2.0.2
28 silly idealTree ├── etag@1.7.0
28 silly idealTree ├── eventemitter3@1.2.0
28 silly idealTree ├── expand-brackets@0.1.5
28 silly idealTree ├── expand-range@1.8.2
28 silly idealTree ├── expand-tilde@1.2.2
28 silly idealTree ├─┬ express@2.5.11
28 silly idealTree │ ├─┬ connect@1.9.2
28 silly idealTree │ │ ├── mime@1.3.4
28 silly idealTree │ │ └── qs@6.2.1
28 silly idealTree │ ├── mime@1.2.4
28 silly idealTree │ ├── mkdirp@0.3.0
28 silly idealTree │ └── qs@0.4.2
28 silly idealTree ├── extend@3.0.0
28 silly idealTree ├── extglob@0.3.2
28 silly idealTree ├── extsprintf@1.0.2
28 silly idealTree ├── fancy-log@1.2.0
28 silly idealTree ├── filename-regex@2.0.0
28 silly idealTree ├── fill-range@2.2.3
28 silly idealTree ├── finalhandler@0.5.0
28 silly idealTree ├── find-index@0.1.1
28 silly idealTree ├── find-up@1.1.2
28 silly idealTree ├── findup-sync@0.4.3
28 silly idealTree ├── fined@1.0.2
28 silly idealTree ├── first-chunk-stream@1.0.0
28 silly idealTree ├── flagged-respawn@0.3.2
28 silly idealTree ├── for-in@0.1.6
28 silly idealTree ├── for-own@0.1.4
28 silly idealTree ├── forever-agent@0.6.1
28 silly idealTree ├─┬ form-data@1.0.1
28 silly idealTree │ └── async@2.1.4
28 silly idealTree ├── formidable@1.0.17
28 silly idealTree ├── fresh@0.3.0
28 silly idealTree ├── fs-exists-sync@0.1.0
28 silly idealTree ├── fs-extra@1.0.0
28 silly idealTree ├── fs.realpath@1.0.0
28 silly idealTree ├─┬ fsevents@1.0.15
28 silly idealTree │ ├── abbrev@1.0.9
28 silly idealTree │ ├── ansi-regex@2.0.0
28 silly idealTree │ ├── ansi-styles@2.2.1
28 silly idealTree │ ├── aproba@1.0.4
28 silly idealTree │ ├── are-we-there-yet@1.1.2
28 silly idealTree │ ├── asn1@0.2.3
28 silly idealTree │ ├── assert-plus@0.2.0
28 silly idealTree │ ├── async@1.5.2
28 silly idealTree │ ├── aws-sign2@0.6.0
28 silly idealTree │ ├── aws4@1.4.1
28 silly idealTree │ ├── balanced-match@0.4.2
28 silly idealTree │ ├─┬ bl@1.1.2
28 silly idealTree │ │ └── readable-stream@2.0.6
28 silly idealTree │ ├── block-stream@0.0.9
28 silly idealTree │ ├── boom@2.10.1
28 silly idealTree │ ├── brace-expansion@1.1.5
28 silly idealTree │ ├── buffer-shims@1.0.0
28 silly idealTree │ ├── caseless@0.11.0
28 silly idealTree │ ├── chalk@1.1.3
28 silly idealTree │ ├── code-point-at@1.0.0
28 silly idealTree │ ├── combined-stream@1.0.5
28 silly idealTree │ ├── commander@2.9.0
28 silly idealTree │ ├── concat-map@0.0.1
28 silly idealTree │ ├── console-control-strings@1.1.0
28 silly idealTree │ ├── core-util-is@1.0.2
28 silly idealTree │ ├── cryptiles@2.0.5
28 silly idealTree │ ├─┬ dashdash@1.14.0
28 silly idealTree │ │ └── assert-plus@1.0.0
28 silly idealTree │ ├── debug@2.2.0
28 silly idealTree │ ├── deep-extend@0.4.1
28 silly idealTree │ ├── delayed-stream@1.0.0
28 silly idealTree │ ├── delegates@1.0.0
28 silly idealTree │ ├── ecc-jsbn@0.1.1
28 silly idealTree │ ├── escape-string-regexp@1.0.5
28 silly idealTree │ ├── extend@3.0.0
28 silly idealTree │ ├── extsprintf@1.0.2
28 silly idealTree │ ├── forever-agent@0.6.1
28 silly idealTree │ ├── form-data@1.0.0-rc4
28 silly idealTree │ ├── fs.realpath@1.0.0
28 silly idealTree │ ├── fstream-ignore@1.0.5
28 silly idealTree │ ├── fstream@1.0.10
28 silly idealTree │ ├── gauge@2.6.0
28 silly idealTree │ ├── generate-function@2.0.0
28 silly idealTree │ ├── generate-object-property@1.2.0
28 silly idealTree │ ├─┬ getpass@0.1.6
28 silly idealTree │ │ └── assert-plus@1.0.0
28 silly idealTree │ ├── glob@7.0.5
28 silly idealTree │ ├── graceful-fs@4.1.4
28 silly idealTree │ ├── graceful-readlink@1.0.1
28 silly idealTree │ ├── har-validator@2.0.6
28 silly idealTree │ ├── has-ansi@2.0.0
28 silly idealTree │ ├── has-color@0.1.7
28 silly idealTree │ ├── has-unicode@2.0.1
28 silly idealTree │ ├── hawk@3.1.3
28 silly idealTree │ ├── hoek@2.16.3
28 silly idealTree │ ├── http-signature@1.1.1
28 silly idealTree │ ├── inflight@1.0.5
28 silly idealTree │ ├── inherits@2.0.1
28 silly idealTree │ ├── ini@1.3.4
28 silly idealTree │ ├── is-fullwidth-code-point@1.0.0
28 silly idealTree │ ├── is-my-json-valid@2.13.1
28 silly idealTree │ ├── is-property@1.0.2
28 silly idealTree │ ├── is-typedarray@1.0.0
28 silly idealTree │ ├── isarray@1.0.0
28 silly idealTree │ ├── isstream@0.1.2
28 silly idealTree │ ├── jodid25519@1.0.2
28 silly idealTree │ ├── jsbn@0.1.0
28 silly idealTree │ ├── json-schema@0.2.2
28 silly idealTree │ ├── json-stringify-safe@5.0.1
28 silly idealTree │ ├── jsonpointer@2.0.0
28 silly idealTree │ ├── jsprim@1.3.0
28 silly idealTree │ ├── mime-db@1.23.0
28 silly idealTree │ ├── mime-types@2.1.11
28 silly idealTree │ ├── minimatch@3.0.2
28 silly idealTree │ ├── minimist@0.0.8
28 silly idealTree │ ├── mkdirp@0.5.1
28 silly idealTree │ ├── ms@0.7.1
28 silly idealTree │ ├── node-pre-gyp@0.6.29
28 silly idealTree │ ├── node-uuid@1.4.7
28 silly idealTree │ ├── nopt@3.0.6
28 silly idealTree │ ├── npmlog@3.1.2
28 silly idealTree │ ├── number-is-nan@1.0.0
28 silly idealTree │ ├── oauth-sign@0.8.2
28 silly idealTree │ ├── object-assign@4.1.0
28 silly idealTree │ ├── once@1.3.3
28 silly idealTree │ ├── path-is-absolute@1.0.0
28 silly idealTree │ ├── pinkie-promise@2.0.1
28 silly idealTree │ ├── pinkie@2.0.4
28 silly idealTree │ ├── process-nextick-args@1.0.7
28 silly idealTree │ ├── qs@6.2.0
28 silly idealTree │ ├─┬ rc@1.1.6
28 silly idealTree │ │ └── minimist@1.2.0
28 silly idealTree │ ├── readable-stream@2.1.4
28 silly idealTree │ ├── request@2.73.0
28 silly idealTree │ ├── rimraf@2.5.3
28 silly idealTree │ ├── semver@5.2.0
28 silly idealTree │ ├── set-blocking@2.0.0
28 silly idealTree │ ├── signal-exit@3.0.0
28 silly idealTree │ ├── sntp@1.0.9
28 silly idealTree │ ├─┬ sshpk@1.8.3
28 silly idealTree │ │ └── assert-plus@1.0.0
28 silly idealTree │ ├── string_decoder@0.10.31
28 silly idealTree │ ├── string-width@1.0.1
28 silly idealTree │ ├── stringstream@0.0.5
28 silly idealTree │ ├── strip-ansi@3.0.1
28 silly idealTree │ ├── strip-json-comments@1.0.4
28 silly idealTree │ ├── supports-color@2.0.0
28 silly idealTree │ ├── tar-pack@3.1.4
28 silly idealTree │ ├── tar@2.2.1
28 silly idealTree │ ├── tough-cookie@2.2.2
28 silly idealTree │ ├── tunnel-agent@0.4.3
28 silly idealTree │ ├── tweetnacl@0.13.3
28 silly idealTree │ ├── uid-number@0.0.6
28 silly idealTree │ ├── util-deprecate@1.0.2
28 silly idealTree │ ├── verror@1.3.6
28 silly idealTree │ ├── wide-align@1.1.0
28 silly idealTree │ ├── wrappy@1.0.2
28 silly idealTree │ └── xtend@4.0.1
28 silly idealTree ├── fstream-ignore@1.0.5
28 silly idealTree ├── fstream@1.0.10
28 silly idealTree ├─┬ gauge@2.7.2
28 silly idealTree │ └── supports-color@0.2.0
28 silly idealTree ├── gaze@0.5.2
28 silly idealTree ├── generate-function@2.0.0
28 silly idealTree ├── generate-object-property@1.2.0
28 silly idealTree ├── get-caller-file@1.0.2
28 silly idealTree ├── get-stdin@4.0.1
28 silly idealTree ├─┬ getpass@0.1.6
28 silly idealTree │ └── assert-plus@1.0.0
28 silly idealTree ├── glob-base@0.3.0
28 silly idealTree ├── glob-parent@2.0.0
28 silly idealTree ├─┬ glob-stream@3.1.18
28 silly idealTree │ ├── glob@4.5.3
28 silly idealTree │ └── minimatch@2.0.10
28 silly idealTree ├── glob-watcher@0.0.6
28 silly idealTree ├── glob@7.1.1
28 silly idealTree ├── glob2base@0.0.12
28 silly idealTree ├── global-modules@0.2.3
28 silly idealTree ├── global-prefix@0.1.5
28 silly idealTree ├── globals@9.14.0
28 silly idealTree ├── globby@6.1.0
28 silly idealTree ├─┬ globule@0.1.0
28 silly idealTree │ ├── glob@3.1.21
28 silly idealTree │ ├── graceful-fs@1.2.3
28 silly idealTree │ ├── inherits@1.0.2
28 silly idealTree │ ├── lodash@1.0.2
28 silly idealTree │ └── minimatch@0.2.14
28 silly idealTree ├── glogg@1.0.0
28 silly idealTree ├── graceful-fs@4.1.11
28 silly idealTree ├── graceful-readlink@1.0.1
28 silly idealTree ├── gulp-replace@0.5.4
28 silly idealTree ├─┬ gulp-util@3.0.7
28 silly idealTree │ ├── clone@1.0.2
28 silly idealTree │ ├── object-assign@3.0.0
28 silly idealTree │ ├── through2@2.0.3
28 silly idealTree │ └── vinyl@0.5.3
28 silly idealTree ├── gulp@3.9.1
28 silly idealTree ├── gulplog@1.0.0
28 silly idealTree ├── har-validator@2.0.6
28 silly idealTree ├── has-ansi@2.0.0
28 silly idealTree ├─┬ has-binary@0.1.7
28 silly idealTree │ └── isarray@0.0.1
28 silly idealTree ├── has-cors@1.1.0
28 silly idealTree ├── has-gulplog@0.1.0
28 silly idealTree ├── has-unicode@2.0.1
28 silly idealTree ├── hawk@3.1.3
28 silly idealTree ├── hoek@2.16.3
28 silly idealTree ├── home-or-tmp@2.0.0
28 silly idealTree ├── homedir-polyfill@1.0.1
28 silly idealTree ├── hosted-git-info@2.1.5
28 silly idealTree ├── http-errors@1.5.1
28 silly idealTree ├── http-proxy@1.15.1
28 silly idealTree ├── http-signature@0.11.0
28 silly idealTree ├── immutable@3.8.1
28 silly idealTree ├── indent-string@2.1.0
28 silly idealTree ├── indexof@0.0.1
28 silly idealTree ├── inflight@1.0.6
28 silly idealTree ├── inherits@2.0.3
28 silly idealTree ├── ini@1.3.4
28 silly idealTree ├── interpret@1.0.1
28 silly idealTree ├── invariant@2.2.2
28 silly idealTree ├── invert-kv@1.0.0
28 silly idealTree ├── is-absolute@0.2.6
28 silly idealTree ├── is-arrayish@0.2.1
28 silly idealTree ├── is-binary-path@1.0.1
28 silly idealTree ├── is-buffer@1.1.4
28 silly idealTree ├── is-builtin-module@1.0.0
28 silly idealTree ├── is-dotfile@1.0.2
28 silly idealTree ├── is-equal-shallow@0.1.3
28 silly idealTree ├── is-extendable@0.1.1
28 silly idealTree ├── is-extglob@1.0.0
28 silly idealTree ├── is-finite@1.0.2
28 silly idealTree ├── is-fullwidth-code-point@1.0.0
28 silly idealTree ├── is-glob@2.0.1
28 silly idealTree ├── is-my-json-valid@2.15.0
28 silly idealTree ├── is-number@2.1.0
28 silly idealTree ├── is-posix-bracket@0.1.1
28 silly idealTree ├── is-primitive@2.0.0
28 silly idealTree ├── is-property@1.0.2
28 silly idealTree ├── is-relative@0.2.1
28 silly idealTree ├── is-typedarray@1.0.0
28 silly idealTree ├── is-unc-path@0.1.1
28 silly idealTree ├── is-utf8@0.2.1
28 silly idealTree ├── is-windows@0.2.0
28 silly idealTree ├── isarray@1.0.0
28 silly idealTree ├── isexe@1.1.2
28 silly idealTree ├── isobject@2.1.0
28 silly idealTree ├── isstream@0.1.2
28 silly idealTree ├── istextorbinary@1.0.2
28 silly idealTree ├── jodid25519@1.0.2
28 silly idealTree ├── js-tokens@3.0.1
28 silly idealTree ├── jsbn@0.1.0
28 silly idealTree ├── jsesc@1.3.0
28 silly idealTree ├── json-schema@0.2.3
28 silly idealTree ├── json-stringify-safe@5.0.1
28 silly idealTree ├── json3@3.3.2
28 silly idealTree ├── json5@0.5.1
28 silly idealTree ├── jsonfile@2.4.0
28 silly idealTree ├── jsonpointer@4.0.0
28 silly idealTree ├── jsprim@1.3.1
28 silly idealTree ├── kind-of@3.0.4
28 silly idealTree ├── klaw@1.3.1
28 silly idealTree ├── lcid@1.0.0
28 silly idealTree ├── liftoff@2.3.0
28 silly idealTree ├── limiter@1.1.0
28 silly idealTree ├─┬ load-json-file@1.1.0
28 silly idealTree │ └── strip-bom@2.0.0
28 silly idealTree ├─┬ localtunnel@1.8.1
28 silly idealTree │ ├── camelcase@1.2.1
28 silly idealTree │ ├── window-size@0.1.4
28 silly idealTree │ └── yargs@3.29.0
28 silly idealTree ├── lodash._basecopy@3.0.1
28 silly idealTree ├── lodash._basetostring@3.0.1
28 silly idealTree ├── lodash._basevalues@3.0.0
28 silly idealTree ├── lodash._getnative@3.9.1
28 silly idealTree ├── lodash._isiterateecall@3.0.9
28 silly idealTree ├── lodash._reescape@3.0.0
28 silly idealTree ├── lodash._reevaluate@3.0.0
28 silly idealTree ├── lodash._reinterpolate@3.0.0
28 silly idealTree ├── lodash._root@3.0.1
28 silly idealTree ├── lodash.assignwith@4.2.0
28 silly idealTree ├── lodash.escape@3.2.0
28 silly idealTree ├── lodash.isarguments@3.1.0
28 silly idealTree ├── lodash.isarray@3.0.4
28 silly idealTree ├── lodash.isempty@4.4.0
28 silly idealTree ├── lodash.isplainobject@4.0.6
28 silly idealTree ├── lodash.isstring@4.0.1
28 silly idealTree ├── lodash.keys@3.1.2
28 silly idealTree ├── lodash.mapvalues@4.6.0
28 silly idealTree ├── lodash.pick@4.4.0
28 silly idealTree ├── lodash.restparam@3.6.1
28 silly idealTree ├── lodash.template@3.6.2
28 silly idealTree ├── lodash.templatesettings@3.1.1
28 silly idealTree ├── lodash@4.17.2
28 silly idealTree ├── loose-envify@1.3.1
28 silly idealTree ├── loud-rejection@1.6.0
28 silly idealTree ├── lru-cache@2.7.3
28 silly idealTree ├── map-cache@0.2.2
28 silly idealTree ├── map-obj@1.0.1
28 silly idealTree ├── meow@3.7.0
28 silly idealTree ├── micromatch@2.3.11
28 silly idealTree ├── mime-db@1.25.0
28 silly idealTree ├── mime-types@2.1.13
28 silly idealTree ├── mime@1.3.4
28 silly idealTree ├── minimatch@3.0.3
28 silly idealTree ├── minimist@1.2.0
28 silly idealTree ├─┬ mkdirp@0.5.1
28 silly idealTree │ └── minimist@0.0.8
28 silly idealTree ├── ms@0.7.1
28 silly idealTree ├── multipipe@0.1.2
28 silly idealTree ├── nan@2.4.0
28 silly idealTree ├── natives@1.1.0
28 silly idealTree ├── negotiator@0.6.1
28 silly idealTree ├─┬ node-pre-gyp@0.6.32
28 silly idealTree │ ├── assert-plus@0.2.0
28 silly idealTree │ ├── form-data@2.1.2
28 silly idealTree │ ├── http-signature@1.1.1
28 silly idealTree │ ├── punycode@1.4.1
28 silly idealTree │ ├── qs@6.3.0
28 silly idealTree │ ├── request@2.79.0
28 silly idealTree │ ├── semver@5.3.0
28 silly idealTree │ └── tough-cookie@2.3.2
28 silly idealTree ├── node-uuid@1.4.7
28 silly idealTree ├── nopt@3.0.6
28 silly idealTree ├─┬ normalize-package-data@2.3.5
28 silly idealTree │ └── semver@5.3.0
28 silly idealTree ├── normalize-path@2.0.1
28 silly idealTree ├── npmlog@4.0.1
28 silly idealTree ├── number-is-nan@1.0.1
28 silly idealTree ├── oauth-sign@0.8.2
28 silly idealTree ├── object-assign@4.1.0
28 silly idealTree ├── object-component@0.0.3
28 silly idealTree ├── object-path@0.9.2
28 silly idealTree ├── object.omit@2.0.1
28 silly idealTree ├── on-finished@2.3.0
28 silly idealTree ├── once@1.3.3
28 silly idealTree ├── openurl@1.1.0
28 silly idealTree ├── opn@4.0.2
28 silly idealTree ├── options@0.0.6
28 silly idealTree ├── orchestrator@0.3.8
28 silly idealTree ├── ordered-read-streams@0.1.0
28 silly idealTree ├── os-homedir@1.0.2
28 silly idealTree ├── os-locale@1.4.0
28 silly idealTree ├── os-tmpdir@1.0.2
28 silly idealTree ├── parse-filepath@1.0.1
28 silly idealTree ├── parse-glob@3.0.4
28 silly idealTree ├── parse-json@2.2.0
28 silly idealTree ├── parse-passwd@1.0.0
28 silly idealTree ├── parsejson@0.0.1
28 silly idealTree ├── parseqs@0.0.2
28 silly idealTree ├── parseuri@0.0.4
28 silly idealTree ├── parseurl@1.3.1
28 silly idealTree ├── path-exists@2.1.0
28 silly idealTree ├── path-is-absolute@1.0.1
28 silly idealTree ├── path-root-regex@0.1.2
28 silly idealTree ├── path-root@0.1.1
28 silly idealTree ├── path-type@1.1.0
28 silly idealTree ├── pify@2.3.0
28 silly idealTree ├── pinkie-promise@2.0.1
28 silly idealTree ├── pinkie@2.0.4
28 silly idealTree ├── portscanner@1.2.0
28 silly idealTree ├── preserve@0.2.0
28 silly idealTree ├── pretty-hrtime@1.0.3
28 silly idealTree ├── private@0.1.6
28 silly idealTree ├── process-nextick-args@1.0.7
28 silly idealTree ├── proxy-middleware@0.15.0
28 silly idealTree ├── punycode@1.3.2
28 silly idealTree ├── qs@6.2.1
28 silly idealTree ├── querystring@0.2.0
28 silly idealTree ├── randomatic@1.1.6
28 silly idealTree ├── range-parser@1.2.0
28 silly idealTree ├── rc@1.1.6
28 silly idealTree ├── read-pkg-up@1.0.1
28 silly idealTree ├── read-pkg@1.1.0
28 silly idealTree ├── readable-stream@2.2.2
28 silly idealTree ├── readdirp@2.1.0
28 silly idealTree ├── rechoir@0.6.2
28 silly idealTree ├── redent@1.0.0
28 silly idealTree ├── regenerator-runtime@0.10.1
28 silly idealTree ├── regex-cache@0.4.3
28 silly idealTree ├── repeat-element@1.1.2
28 silly idealTree ├── repeat-string@1.6.1
28 silly idealTree ├── repeating@2.0.1
28 silly idealTree ├── replace-ext@0.0.1
28 silly idealTree ├── replacestream@4.0.2
28 silly idealTree ├─┬ request@2.65.0
28 silly idealTree │ └── qs@5.2.1
28 silly idealTree ├── require-directory@2.1.1
28 silly idealTree ├── require-main-filename@1.0.1
28 silly idealTree ├── requires-port@1.0.0
28 silly idealTree ├── resolve-dir@0.1.1
28 silly idealTree ├── resolve@1.1.7
28 silly idealTree ├── resp-modifier@6.0.2
28 silly idealTree ├── rimraf@2.5.4
28 silly idealTree ├── run-sequence@1.2.2
28 silly idealTree ├── rx@4.1.0
28 silly idealTree ├── semver@4.3.6
28 silly idealTree ├── send@0.14.1
28 silly idealTree ├── sequencify@0.0.7
28 silly idealTree ├── serve-index@1.8.0
28 silly idealTree ├── serve-static@1.11.1
28 silly idealTree ├── server-destroy@1.0.1
28 silly idealTree ├── set-blocking@2.0.0
28 silly idealTree ├── set-immediate-shim@1.0.1
28 silly idealTree ├── setprototypeof@1.0.2
28 silly idealTree ├── shelljs@0.7.5
28 silly idealTree ├── sigmund@1.0.1
28 silly idealTree ├── signal-exit@3.0.2
28 silly idealTree ├── slash@1.0.0
28 silly idealTree ├── sntp@1.0.9
28 silly idealTree ├─┬ socket.io-adapter@0.4.0
28 silly idealTree │ ├── isarray@0.0.1
28 silly idealTree │ ├── json3@3.2.6
28 silly idealTree │ └─┬ socket.io-parser@2.2.2
28 silly idealTree │   └── debug@0.7.4
28 silly idealTree ├─┬ socket.io-client@1.5.0
28 silly idealTree │ └── component-emitter@1.2.0
28 silly idealTree ├─┬ socket.io-parser@2.2.6
28 silly idealTree │ └── isarray@0.0.1
28 silly idealTree ├── socket.io@1.5.0
28 silly idealTree ├── source-map-support@0.4.11
28 silly idealTree ├── source-map@0.5.6
28 silly idealTree ├── sparkles@1.0.0
28 silly idealTree ├── spdx-correct@1.0.2
28 silly idealTree ├── spdx-expression-parse@1.0.4
28 silly idealTree ├── spdx-license-ids@1.2.2
28 silly idealTree ├─┬ sshpk@1.10.1
28 silly idealTree │ ├── asn1@0.2.3
28 silly idealTree │ └── assert-plus@1.0.0
28 silly idealTree ├── statuses@1.3.1
28 silly idealTree ├── stream-consume@0.1.0
28 silly idealTree ├── stream-throttle@0.1.3
28 silly idealTree ├── string_decoder@0.10.31
28 silly idealTree ├── string-width@1.0.2
28 silly idealTree ├── stringstream@0.0.5
28 silly idealTree ├── strip-ansi@3.0.1
28 silly idealTree ├── strip-bom@1.0.0
28 silly idealTree ├── strip-indent@1.0.1
28 silly idealTree ├── strip-json-comments@1.0.4
28 silly idealTree ├── supports-color@2.0.0
28 silly idealTree ├─┬ tar-pack@3.3.0
28 silly idealTree │ └── readable-stream@2.1.5
28 silly idealTree ├── tar@2.2.1
28 silly idealTree ├── textextensions@1.0.2
28 silly idealTree ├── tfunk@3.0.2
28 silly idealTree ├─┬ through2@0.6.5
28 silly idealTree │ ├── isarray@0.0.1
28 silly idealTree │ └── readable-stream@1.0.34
28 silly idealTree ├── tildify@1.2.0
28 silly idealTree ├── time-stamp@1.0.1
28 silly idealTree ├── to-array@0.1.4
28 silly idealTree ├── to-fast-properties@1.0.2
28 silly idealTree ├── tough-cookie@2.2.2
28 silly idealTree ├── trim-newlines@1.0.0
28 silly idealTree ├── tunnel-agent@0.4.3
28 silly idealTree ├── tweetnacl@0.14.4
28 silly idealTree ├── ua-parser-js@0.7.10
28 silly idealTree ├── uid-number@0.0.6
28 silly idealTree ├── ultron@1.0.2
28 silly idealTree ├── unc-path-regex@0.1.2
28 silly idealTree ├── underscore@1.7.0
28 silly idealTree ├── unique-stream@1.0.0
28 silly idealTree ├── unpipe@1.0.0
28 silly idealTree ├── url@0.11.0
28 silly idealTree ├── user-home@1.1.1
28 silly idealTree ├── util-deprecate@1.0.2
28 silly idealTree ├── utils-merge@1.0.0
28 silly idealTree ├── uuid@3.0.1
28 silly idealTree ├── v8flags@2.0.11
28 silly idealTree ├── validate-npm-package-license@3.0.1
28 silly idealTree ├── verror@1.3.6
28 silly idealTree ├─┬ vinyl-fs@0.3.14
28 silly idealTree │ └── graceful-fs@3.0.11
28 silly idealTree ├── vinyl@0.4.6
28 silly idealTree ├── weinre@2.0.0-pre-I0Z7U9OV
28 silly idealTree ├── which-module@1.0.0
28 silly idealTree ├── which@1.2.12
28 silly idealTree ├── wide-align@1.1.0
28 silly idealTree ├── window-size@0.2.0
28 silly idealTree ├── wrap-ansi@2.1.0
28 silly idealTree ├── wrappy@1.0.2
28 silly idealTree ├── ws@1.1.1
28 silly idealTree ├── wtf-8@1.0.0
28 silly idealTree ├── xmlhttprequest-ssl@1.5.1
28 silly idealTree ├── xtend@4.0.1
28 silly idealTree ├── y18n@3.2.1
28 silly idealTree ├── yargs-parser@4.2.0
28 silly idealTree ├── yargs@6.5.0
28 silly idealTree └── yeast@0.1.2
29 silly generateActionsToTake Starting
30 silly install generateActionsToTake
31 silly generateActionsToTake Finishing
32 silly diffTrees action count 0
33 silly decomposeActions action count 0
34 silly runTopLevelLifecycles Starting
35 silly install runPreinstallTopLevelLifecycles
36 silly preinstall gpreview@0.0.1 /Users/florit/Documents/dev/gpreview/gpreview-d213c6a3
37 info lifecycle gpreview@0.0.1~preinstall: gpreview@0.0.1
38 silly lifecycle gpreview@0.0.1~preinstall: no script for preinstall, continuing
39 silly executeActions Starting
40 silly install executeActions
41 silly doSerial global-install 0
42 silly doParallel fetch 0
43 verbose correctMkdir /Users/florit/.npm/_locks correctMkdir not in flight; initializing
44 verbose lock using /Users/florit/.npm/_locks/staging-beaa4641ecf785e4.lock for /Users/florit/Documents/dev/gpreview/node_modules/.staging
45 silly doParallel extract 0
46 silly doParallel preinstall 0
47 silly doReverseSerial remove 0
48 silly doSerial move 0
49 silly doSerial finalize 0
50 silly doSerial build 0
51 silly doSerial global-link 0
52 silly doParallel update-linked 0
53 silly doSerial install 0
54 silly doSerial postinstall 0
55 verbose unlock done using /Users/florit/.npm/_locks/staging-beaa4641ecf785e4.lock for /Users/florit/Documents/dev/gpreview/node_modules/.staging
56 silly executeActions Finishing
57 silly rollbackFailedOptional Starting
58 silly rollbackFailedOptional Finishing
59 silly install runPostinstallTopLevelLifecycles
60 silly build gpreview@0.0.1
61 info linkStuff gpreview@0.0.1
62 silly linkStuff gpreview@0.0.1 has /Users/florit/Documents/dev as its parent node_modules
63 verbose linkBins gpreview@0.0.1
64 verbose linkMans gpreview@0.0.1
65 silly install gpreview@0.0.1 /Users/florit/Documents/dev/gpreview/gpreview-d213c6a3
66 info lifecycle gpreview@0.0.1~install: gpreview@0.0.1
67 silly lifecycle gpreview@0.0.1~install: no script for install, continuing
68 silly postinstall gpreview@0.0.1 /Users/florit/Documents/dev/gpreview/gpreview-d213c6a3
69 info lifecycle gpreview@0.0.1~postinstall: gpreview@0.0.1
70 silly lifecycle gpreview@0.0.1~postinstall: no script for postinstall, continuing
71 silly prepublish gpreview@0.0.1 /Users/florit/Documents/dev/gpreview/gpreview-d213c6a3
72 info lifecycle gpreview@0.0.1~prepublish: gpreview@0.0.1
73 silly lifecycle gpreview@0.0.1~prepublish: no script for prepublish, continuing
74 silly runTopLevelLifecycles Finishing
75 silly install printInstalled
76 info build /Users/florit/.nvm/versions/node/v7.2.0/lib/node_modules/gpreview
77 info linkStuff gpreview@0.0.1
78 silly linkStuff gpreview@0.0.1 has /Users/florit/.nvm/versions/node/v7.2.0/lib/node_modules as its parent node_modules
79 silly linkStuff gpreview@0.0.1 is part of a global install
80 silly linkStuff gpreview@0.0.1 is installed into a global node_modules
81 silly linkStuff gpreview@0.0.1 is installed into the top-level global node_modules
82 verbose linkBins gpreview@0.0.1
83 verbose link bins [ { gpreview: 'entry.js' },
83 verbose link bins   '/Users/florit/.nvm/versions/node/v7.2.0/bin',
83 verbose link bins   true ]
84 verbose linkMans gpreview@0.0.1
85 silly gentlyRm /Users/florit/.nvm/versions/node/v7.2.0/bin/gpreview is being gently removed
86 silly isEverInside /Users/florit/.nvm/versions/node/v7.2.0/bin/gpreview is not inside /Users/florit/Documents/dev/gpreview
87 silly isEverInside /Users/florit/.nvm/versions/node/v7.2.0/lib/node_modules/gpreview/index.js is not inside /Users/florit/Documents/dev/gpreview
88 silly isEverInside /Users/florit/.nvm/versions/node/v7.2.0/bin/gpreview is not inside /Users/florit/Documents/dev/gpreview
89 silly isEverInside /Users/florit/.nvm/versions/node/v7.2.0/lib/node_modules/gpreview/index.js is not inside /Users/florit/Documents/dev/gpreview
90 silly gentlyRm parent.path = /Users/florit/Documents/dev/gpreview
91 silly gentlyRm parent.managed = /Users/florit/Documents/dev/gpreview is in /Users/florit/Documents/dev/gpreview
92 silly gentlyRm target.path =  /Users/florit/.nvm/versions/node/v7.2.0/bin/gpreview
93 silly gentlyRm target.symlink = ../lib/node_modules/gpreview/index.js
94 silly gentlyRm target.managed = /Users/florit/.nvm/versions/node/v7.2.0/bin/gpreview is in /Users/florit/.nvm/versions/node/v7.2.0
95 silly gentlyRm target.inParent =  false
96 warn gentlyRm not removing /Users/florit/.nvm/versions/node/v7.2.0/bin/gpreview as it wasn't installed by /Users/florit/Documents/dev/gpreview
97 verbose stack Error: EEXIST: file already exists, symlink '../lib/node_modules/gpreview/entry.js' -> '/Users/florit/.nvm/versions/node/v7.2.0/bin/gpreview'
98 verbose cwd /Users/florit/Documents/dev/gpreview
99 error Darwin 15.6.0
100 error argv "/Users/florit/.nvm/versions/node/v7.2.0/bin/node" "/Users/florit/.nvm/versions/node/v7.2.0/bin/npm" "link"
101 error node v7.2.0
102 error npm  v3.10.9
103 error path ../lib/node_modules/gpreview/entry.js
104 error code EEXIST
105 error errno -17
106 error syscall symlink
107 error EEXIST: file already exists, symlink '../lib/node_modules/gpreview/entry.js' -> '/Users/florit/.nvm/versions/node/v7.2.0/bin/gpreview'
108 error File exists: ../lib/node_modules/gpreview/entry.js
109 error Move it away, and try again.
110 verbose exit [ -17, true ]
